{
  "RSpec": {
    "coverage": {
      "/home/ror/Feature-Switch-System/Feature-Switch-System/app/models/feature_override.rb": {
        "lines": [
          1,
          1,
          1,
          1,
          null,
          1,
          1,
          null
        ]
      },
      "/home/ror/Feature-Switch-System/Feature-Switch-System/app/models/application_record.rb": {
        "lines": [
          1,
          1,
          null
        ]
      },
      "/home/ror/Feature-Switch-System/Feature-Switch-System/app/models/feature.rb": {
        "lines": [
          1,
          1,
          null,
          1,
          1,
          1,
          null
        ]
      },
      "/home/ror/Feature-Switch-System/Feature-Switch-System/app/models/user.rb": {
        "lines": [
          1,
          1,
          1,
          null
        ]
      },
      "/home/ror/Feature-Switch-System/Feature-Switch-System/app/services/feature_flag_engine.rb": {
        "lines": [
          1,
          1,
          null,
          1,
          1,
          9,
          9,
          null,
          8,
          8,
          null,
          null,
          7,
          5,
          5,
          null,
          4,
          2,
          2,
          null,
          null,
          null,
          null,
          5,
          2,
          2,
          null,
          null,
          3,
          null,
          null,
          1,
          1,
          null,
          null,
          1,
          null,
          1,
          7,
          null,
          null,
          null
        ]
      },
      "/home/ror/Feature-Switch-System/Feature-Switch-System/app/models/group.rb": {
        "lines": [
          1,
          1,
          1,
          null
        ]
      },
      "/home/ror/Feature-Switch-System/Feature-Switch-System/app/controllers/api/feature_flags_controller.rb": {
        "lines": [
          1,
          1,
          null,
          1,
          0,
          null,
          null,
          1,
          1,
          null,
          null,
          null,
          null,
          null,
          1,
          1,
          1,
          null,
          null,
          null,
          null,
          null,
          1,
          1,
          1,
          1,
          null,
          null,
          null,
          null,
          null,
          1,
          1,
          1,
          1,
          null,
          null,
          null,
          null,
          null,
          null,
          null,
          null,
          1,
          null,
          1,
          2,
          null,
          null,
          null
        ]
      },
      "/home/ror/Feature-Switch-System/Feature-Switch-System/app/controllers/application_controller.rb": {
        "lines": [
          1,
          1,
          1,
          1,
          null,
          1,
          null,
          1,
          0,
          null,
          null,
          null,
          null,
          null,
          1,
          0,
          null,
          null,
          null,
          null,
          null,
          1,
          0,
          null,
          null,
          null,
          null,
          null
        ]
      },
      "/home/ror/Feature-Switch-System/Feature-Switch-System/app/controllers/api/feature_overrides_controller.rb": {
        "lines": [
          1,
          1,
          1,
          1,
          null,
          1,
          1,
          null,
          1,
          null,
          null,
          null,
          null,
          null,
          1,
          1,
          null,
          1,
          null,
          null,
          null,
          null,
          null,
          1,
          1,
          null,
          1,
          null,
          null,
          null,
          null,
          null,
          1,
          null,
          1,
          3,
          null,
          null,
          1,
          2,
          null,
          null,
          1,
          2,
          null,
          null,
          null
        ]
      },
      "/home/ror/Feature-Switch-System/Feature-Switch-System/app/jobs/application_job.rb": {
        "lines": [
          0,
          null,
          null,
          null,
          null,
          null,
          0
        ],
        "branches": {}
      },
      "/home/ror/Feature-Switch-System/Feature-Switch-System/app/mailers/application_mailer.rb": {
        "lines": [
          0,
          0,
          0,
          0
        ],
        "branches": {}
      }
    },
    "timestamp": 1770971656
  }
}
